[2024-09-12 06:12:03] local.ERROR: The "--columns" option does not exist. {"exception":"[object] (Symfony\\Component\\Console\\Exception\\RuntimeException(code: 0): The \"--columns\" option does not exist. at D:\\Kuliah\\Semester 5\\Magang\\Punya Alpian\\bkd-mutasi2\\vendor\\symfony\\console\\Input\\ArgvInput.php:220)
[stacktrace]
#0 D:\\Kuliah\\Semester 5\\Magang\\Punya Alpian\\bkd-mutasi2\\vendor\\symfony\\console\\Input\\ArgvInput.php(147): Symfony\\Component\\Console\\Input\\ArgvInput->addLongOption()
#1 D:\\Kuliah\\Semester 5\\Magang\\Punya Alpian\\bkd-mutasi2\\vendor\\symfony\\console\\Input\\ArgvInput.php(82): Symfony\\Component\\Console\\Input\\ArgvInput->parseLongOption()
#2 D:\\Kuliah\\Semester 5\\Magang\\Punya Alpian\\bkd-mutasi2\\vendor\\symfony\\console\\Input\\ArgvInput.php(71): Symfony\\Component\\Console\\Input\\ArgvInput->parseToken()
#3 D:\\Kuliah\\Semester 5\\Magang\\Punya Alpian\\bkd-mutasi2\\vendor\\symfony\\console\\Input\\Input.php(53): Symfony\\Component\\Console\\Input\\ArgvInput->parse()
#4 D:\\Kuliah\\Semester 5\\Magang\\Punya Alpian\\bkd-mutasi2\\vendor\\symfony\\console\\Command\\Command.php(238): Symfony\\Component\\Console\\Input\\Input->bind()
#5 D:\\Kuliah\\Semester 5\\Magang\\Punya Alpian\\bkd-mutasi2\\vendor\\laravel\\framework\\src\\Illuminate\\Console\\Command.php(182): Symfony\\Component\\Console\\Command\\Command->run()
#6 D:\\Kuliah\\Semester 5\\Magang\\Punya Alpian\\bkd-mutasi2\\vendor\\symfony\\console\\Application.php(1047): Illuminate\\Console\\Command->run()
#7 D:\\Kuliah\\Semester 5\\Magang\\Punya Alpian\\bkd-mutasi2\\vendor\\symfony\\console\\Application.php(316): Symfony\\Component\\Console\\Application->doRunCommand()
#8 D:\\Kuliah\\Semester 5\\Magang\\Punya Alpian\\bkd-mutasi2\\vendor\\symfony\\console\\Application.php(167): Symfony\\Component\\Console\\Application->doRun()
#9 D:\\Kuliah\\Semester 5\\Magang\\Punya Alpian\\bkd-mutasi2\\vendor\\laravel\\framework\\src\\Illuminate\\Foundation\\Console\\Kernel.php(197): Symfony\\Component\\Console\\Application->run()
#10 D:\\Kuliah\\Semester 5\\Magang\\Punya Alpian\\bkd-mutasi2\\vendor\\laravel\\framework\\src\\Illuminate\\Foundation\\Application.php(1203): Illuminate\\Foundation\\Console\\Kernel->handle()
#11 D:\\Kuliah\\Semester 5\\Magang\\Punya Alpian\\bkd-mutasi2\\artisan(13): Illuminate\\Foundation\\Application->handleCommand()
#12 {main}
"} 
[2024-09-12 06:12:07] local.ERROR: The "--columns" option does not exist. {"exception":"[object] (Symfony\\Component\\Console\\Exception\\RuntimeException(code: 0): The \"--columns\" option does not exist. at D:\\Kuliah\\Semester 5\\Magang\\Punya Alpian\\bkd-mutasi2\\vendor\\symfony\\console\\Input\\ArgvInput.php:220)
[stacktrace]
#0 D:\\Kuliah\\Semester 5\\Magang\\Punya Alpian\\bkd-mutasi2\\vendor\\symfony\\console\\Input\\ArgvInput.php(147): Symfony\\Component\\Console\\Input\\ArgvInput->addLongOption()
#1 D:\\Kuliah\\Semester 5\\Magang\\Punya Alpian\\bkd-mutasi2\\vendor\\symfony\\console\\Input\\ArgvInput.php(82): Symfony\\Component\\Console\\Input\\ArgvInput->parseLongOption()
#2 D:\\Kuliah\\Semester 5\\Magang\\Punya Alpian\\bkd-mutasi2\\vendor\\symfony\\console\\Input\\ArgvInput.php(71): Symfony\\Component\\Console\\Input\\ArgvInput->parseToken()
#3 D:\\Kuliah\\Semester 5\\Magang\\Punya Alpian\\bkd-mutasi2\\vendor\\symfony\\console\\Input\\Input.php(53): Symfony\\Component\\Console\\Input\\ArgvInput->parse()
#4 D:\\Kuliah\\Semester 5\\Magang\\Punya Alpian\\bkd-mutasi2\\vendor\\symfony\\console\\Command\\Command.php(238): Symfony\\Component\\Console\\Input\\Input->bind()
#5 D:\\Kuliah\\Semester 5\\Magang\\Punya Alpian\\bkd-mutasi2\\vendor\\laravel\\framework\\src\\Illuminate\\Console\\Command.php(182): Symfony\\Component\\Console\\Command\\Command->run()
#6 D:\\Kuliah\\Semester 5\\Magang\\Punya Alpian\\bkd-mutasi2\\vendor\\symfony\\console\\Application.php(1047): Illuminate\\Console\\Command->run()
#7 D:\\Kuliah\\Semester 5\\Magang\\Punya Alpian\\bkd-mutasi2\\vendor\\symfony\\console\\Application.php(316): Symfony\\Component\\Console\\Application->doRunCommand()
#8 D:\\Kuliah\\Semester 5\\Magang\\Punya Alpian\\bkd-mutasi2\\vendor\\symfony\\console\\Application.php(167): Symfony\\Component\\Console\\Application->doRun()
#9 D:\\Kuliah\\Semester 5\\Magang\\Punya Alpian\\bkd-mutasi2\\vendor\\laravel\\framework\\src\\Illuminate\\Foundation\\Console\\Kernel.php(197): Symfony\\Component\\Console\\Application->run()
#10 D:\\Kuliah\\Semester 5\\Magang\\Punya Alpian\\bkd-mutasi2\\vendor\\laravel\\framework\\src\\Illuminate\\Foundation\\Application.php(1203): Illuminate\\Foundation\\Console\\Kernel->handle()
#11 D:\\Kuliah\\Semester 5\\Magang\\Punya Alpian\\bkd-mutasi2\\artisan(13): Illuminate\\Foundation\\Application->handleCommand()
#12 {main}
"} 
[2024-09-12 06:12:11] local.ERROR: The "--columns" option does not exist. {"exception":"[object] (Symfony\\Component\\Console\\Exception\\RuntimeException(code: 0): The \"--columns\" option does not exist. at D:\\Kuliah\\Semester 5\\Magang\\Punya Alpian\\bkd-mutasi2\\vendor\\symfony\\console\\Input\\ArgvInput.php:220)
[stacktrace]
#0 D:\\Kuliah\\Semester 5\\Magang\\Punya Alpian\\bkd-mutasi2\\vendor\\symfony\\console\\Input\\ArgvInput.php(147): Symfony\\Component\\Console\\Input\\ArgvInput->addLongOption()
#1 D:\\Kuliah\\Semester 5\\Magang\\Punya Alpian\\bkd-mutasi2\\vendor\\symfony\\console\\Input\\ArgvInput.php(82): Symfony\\Component\\Console\\Input\\ArgvInput->parseLongOption()
#2 D:\\Kuliah\\Semester 5\\Magang\\Punya Alpian\\bkd-mutasi2\\vendor\\symfony\\console\\Input\\ArgvInput.php(71): Symfony\\Component\\Console\\Input\\ArgvInput->parseToken()
#3 D:\\Kuliah\\Semester 5\\Magang\\Punya Alpian\\bkd-mutasi2\\vendor\\symfony\\console\\Input\\Input.php(53): Symfony\\Component\\Console\\Input\\ArgvInput->parse()
#4 D:\\Kuliah\\Semester 5\\Magang\\Punya Alpian\\bkd-mutasi2\\vendor\\symfony\\console\\Command\\Command.php(238): Symfony\\Component\\Console\\Input\\Input->bind()
#5 D:\\Kuliah\\Semester 5\\Magang\\Punya Alpian\\bkd-mutasi2\\vendor\\laravel\\framework\\src\\Illuminate\\Console\\Command.php(182): Symfony\\Component\\Console\\Command\\Command->run()
#6 D:\\Kuliah\\Semester 5\\Magang\\Punya Alpian\\bkd-mutasi2\\vendor\\symfony\\console\\Application.php(1047): Illuminate\\Console\\Command->run()
#7 D:\\Kuliah\\Semester 5\\Magang\\Punya Alpian\\bkd-mutasi2\\vendor\\symfony\\console\\Application.php(316): Symfony\\Component\\Console\\Application->doRunCommand()
#8 D:\\Kuliah\\Semester 5\\Magang\\Punya Alpian\\bkd-mutasi2\\vendor\\symfony\\console\\Application.php(167): Symfony\\Component\\Console\\Application->doRun()
#9 D:\\Kuliah\\Semester 5\\Magang\\Punya Alpian\\bkd-mutasi2\\vendor\\laravel\\framework\\src\\Illuminate\\Foundation\\Console\\Kernel.php(197): Symfony\\Component\\Console\\Application->run()
#10 D:\\Kuliah\\Semester 5\\Magang\\Punya Alpian\\bkd-mutasi2\\vendor\\laravel\\framework\\src\\Illuminate\\Foundation\\Application.php(1203): Illuminate\\Foundation\\Console\\Kernel->handle()
#11 D:\\Kuliah\\Semester 5\\Magang\\Punya Alpian\\bkd-mutasi2\\artisan(13): Illuminate\\Foundation\\Application->handleCommand()
#12 {main}
"} 
[2024-09-12 06:31:30] local.ERROR: The "--columns" option does not exist. {"exception":"[object] (Symfony\\Component\\Console\\Exception\\RuntimeException(code: 0): The \"--columns\" option does not exist. at D:\\Kuliah\\Semester 5\\Magang\\Punya Alpian\\bkd-mutasi2\\vendor\\symfony\\console\\Input\\ArgvInput.php:220)
[stacktrace]
#0 D:\\Kuliah\\Semester 5\\Magang\\Punya Alpian\\bkd-mutasi2\\vendor\\symfony\\console\\Input\\ArgvInput.php(147): Symfony\\Component\\Console\\Input\\ArgvInput->addLongOption()
#1 D:\\Kuliah\\Semester 5\\Magang\\Punya Alpian\\bkd-mutasi2\\vendor\\symfony\\console\\Input\\ArgvInput.php(82): Symfony\\Component\\Console\\Input\\ArgvInput->parseLongOption()
#2 D:\\Kuliah\\Semester 5\\Magang\\Punya Alpian\\bkd-mutasi2\\vendor\\symfony\\console\\Input\\ArgvInput.php(71): Symfony\\Component\\Console\\Input\\ArgvInput->parseToken()
#3 D:\\Kuliah\\Semester 5\\Magang\\Punya Alpian\\bkd-mutasi2\\vendor\\symfony\\console\\Input\\Input.php(53): Symfony\\Component\\Console\\Input\\ArgvInput->parse()
#4 D:\\Kuliah\\Semester 5\\Magang\\Punya Alpian\\bkd-mutasi2\\vendor\\symfony\\console\\Command\\Command.php(238): Symfony\\Component\\Console\\Input\\Input->bind()
#5 D:\\Kuliah\\Semester 5\\Magang\\Punya Alpian\\bkd-mutasi2\\vendor\\laravel\\framework\\src\\Illuminate\\Console\\Command.php(182): Symfony\\Component\\Console\\Command\\Command->run()
#6 D:\\Kuliah\\Semester 5\\Magang\\Punya Alpian\\bkd-mutasi2\\vendor\\symfony\\console\\Application.php(1047): Illuminate\\Console\\Command->run()
#7 D:\\Kuliah\\Semester 5\\Magang\\Punya Alpian\\bkd-mutasi2\\vendor\\symfony\\console\\Application.php(316): Symfony\\Component\\Console\\Application->doRunCommand()
#8 D:\\Kuliah\\Semester 5\\Magang\\Punya Alpian\\bkd-mutasi2\\vendor\\symfony\\console\\Application.php(167): Symfony\\Component\\Console\\Application->doRun()
#9 D:\\Kuliah\\Semester 5\\Magang\\Punya Alpian\\bkd-mutasi2\\vendor\\laravel\\framework\\src\\Illuminate\\Foundation\\Console\\Kernel.php(197): Symfony\\Component\\Console\\Application->run()
#10 D:\\Kuliah\\Semester 5\\Magang\\Punya Alpian\\bkd-mutasi2\\vendor\\laravel\\framework\\src\\Illuminate\\Foundation\\Application.php(1203): Illuminate\\Foundation\\Console\\Kernel->handle()
#11 D:\\Kuliah\\Semester 5\\Magang\\Punya Alpian\\bkd-mutasi2\\artisan(13): Illuminate\\Foundation\\Application->handleCommand()
#12 {main}
"} 
[2024-09-12 06:31:35] local.ERROR: The "--columns" option does not exist. {"exception":"[object] (Symfony\\Component\\Console\\Exception\\RuntimeException(code: 0): The \"--columns\" option does not exist. at D:\\Kuliah\\Semester 5\\Magang\\Punya Alpian\\bkd-mutasi2\\vendor\\symfony\\console\\Input\\ArgvInput.php:220)
[stacktrace]
#0 D:\\Kuliah\\Semester 5\\Magang\\Punya Alpian\\bkd-mutasi2\\vendor\\symfony\\console\\Input\\ArgvInput.php(147): Symfony\\Component\\Console\\Input\\ArgvInput->addLongOption()
#1 D:\\Kuliah\\Semester 5\\Magang\\Punya Alpian\\bkd-mutasi2\\vendor\\symfony\\console\\Input\\ArgvInput.php(82): Symfony\\Component\\Console\\Input\\ArgvInput->parseLongOption()
#2 D:\\Kuliah\\Semester 5\\Magang\\Punya Alpian\\bkd-mutasi2\\vendor\\symfony\\console\\Input\\ArgvInput.php(71): Symfony\\Component\\Console\\Input\\ArgvInput->parseToken()
#3 D:\\Kuliah\\Semester 5\\Magang\\Punya Alpian\\bkd-mutasi2\\vendor\\symfony\\console\\Input\\Input.php(53): Symfony\\Component\\Console\\Input\\ArgvInput->parse()
#4 D:\\Kuliah\\Semester 5\\Magang\\Punya Alpian\\bkd-mutasi2\\vendor\\symfony\\console\\Command\\Command.php(238): Symfony\\Component\\Console\\Input\\Input->bind()
#5 D:\\Kuliah\\Semester 5\\Magang\\Punya Alpian\\bkd-mutasi2\\vendor\\laravel\\framework\\src\\Illuminate\\Console\\Command.php(182): Symfony\\Component\\Console\\Command\\Command->run()
#6 D:\\Kuliah\\Semester 5\\Magang\\Punya Alpian\\bkd-mutasi2\\vendor\\symfony\\console\\Application.php(1047): Illuminate\\Console\\Command->run()
#7 D:\\Kuliah\\Semester 5\\Magang\\Punya Alpian\\bkd-mutasi2\\vendor\\symfony\\console\\Application.php(316): Symfony\\Component\\Console\\Application->doRunCommand()
#8 D:\\Kuliah\\Semester 5\\Magang\\Punya Alpian\\bkd-mutasi2\\vendor\\symfony\\console\\Application.php(167): Symfony\\Component\\Console\\Application->doRun()
#9 D:\\Kuliah\\Semester 5\\Magang\\Punya Alpian\\bkd-mutasi2\\vendor\\laravel\\framework\\src\\Illuminate\\Foundation\\Console\\Kernel.php(197): Symfony\\Component\\Console\\Application->run()
#10 D:\\Kuliah\\Semester 5\\Magang\\Punya Alpian\\bkd-mutasi2\\vendor\\laravel\\framework\\src\\Illuminate\\Foundation\\Application.php(1203): Illuminate\\Foundation\\Console\\Kernel->handle()
#11 D:\\Kuliah\\Semester 5\\Magang\\Punya Alpian\\bkd-mutasi2\\artisan(13): Illuminate\\Foundation\\Application->handleCommand()
#12 {main}
"} 
[2024-09-12 06:31:39] local.ERROR: The "--columns" option does not exist. {"exception":"[object] (Symfony\\Component\\Console\\Exception\\RuntimeException(code: 0): The \"--columns\" option does not exist. at D:\\Kuliah\\Semester 5\\Magang\\Punya Alpian\\bkd-mutasi2\\vendor\\symfony\\console\\Input\\ArgvInput.php:220)
[stacktrace]
#0 D:\\Kuliah\\Semester 5\\Magang\\Punya Alpian\\bkd-mutasi2\\vendor\\symfony\\console\\Input\\ArgvInput.php(147): Symfony\\Component\\Console\\Input\\ArgvInput->addLongOption()
#1 D:\\Kuliah\\Semester 5\\Magang\\Punya Alpian\\bkd-mutasi2\\vendor\\symfony\\console\\Input\\ArgvInput.php(82): Symfony\\Component\\Console\\Input\\ArgvInput->parseLongOption()
#2 D:\\Kuliah\\Semester 5\\Magang\\Punya Alpian\\bkd-mutasi2\\vendor\\symfony\\console\\Input\\ArgvInput.php(71): Symfony\\Component\\Console\\Input\\ArgvInput->parseToken()
#3 D:\\Kuliah\\Semester 5\\Magang\\Punya Alpian\\bkd-mutasi2\\vendor\\symfony\\console\\Input\\Input.php(53): Symfony\\Component\\Console\\Input\\ArgvInput->parse()
#4 D:\\Kuliah\\Semester 5\\Magang\\Punya Alpian\\bkd-mutasi2\\vendor\\symfony\\console\\Command\\Command.php(238): Symfony\\Component\\Console\\Input\\Input->bind()
#5 D:\\Kuliah\\Semester 5\\Magang\\Punya Alpian\\bkd-mutasi2\\vendor\\laravel\\framework\\src\\Illuminate\\Console\\Command.php(182): Symfony\\Component\\Console\\Command\\Command->run()
#6 D:\\Kuliah\\Semester 5\\Magang\\Punya Alpian\\bkd-mutasi2\\vendor\\symfony\\console\\Application.php(1047): Illuminate\\Console\\Command->run()
#7 D:\\Kuliah\\Semester 5\\Magang\\Punya Alpian\\bkd-mutasi2\\vendor\\symfony\\console\\Application.php(316): Symfony\\Component\\Console\\Application->doRunCommand()
#8 D:\\Kuliah\\Semester 5\\Magang\\Punya Alpian\\bkd-mutasi2\\vendor\\symfony\\console\\Application.php(167): Symfony\\Component\\Console\\Application->doRun()
#9 D:\\Kuliah\\Semester 5\\Magang\\Punya Alpian\\bkd-mutasi2\\vendor\\laravel\\framework\\src\\Illuminate\\Foundation\\Console\\Kernel.php(197): Symfony\\Component\\Console\\Application->run()
#10 D:\\Kuliah\\Semester 5\\Magang\\Punya Alpian\\bkd-mutasi2\\vendor\\laravel\\framework\\src\\Illuminate\\Foundation\\Application.php(1203): Illuminate\\Foundation\\Console\\Kernel->handle()
#11 D:\\Kuliah\\Semester 5\\Magang\\Punya Alpian\\bkd-mutasi2\\artisan(13): Illuminate\\Foundation\\Application->handleCommand()
#12 {main}
"} 
[2024-09-12 12:44:27] local.ERROR: The "--columns" option does not exist. {"exception":"[object] (Symfony\\Component\\Console\\Exception\\RuntimeException(code: 0): The \"--columns\" option does not exist. at D:\\Kuliah\\Semester 5\\Magang\\Punya Alpian\\bkd-mutasi2\\vendor\\symfony\\console\\Input\\ArgvInput.php:220)
[stacktrace]
#0 D:\\Kuliah\\Semester 5\\Magang\\Punya Alpian\\bkd-mutasi2\\vendor\\symfony\\console\\Input\\ArgvInput.php(147): Symfony\\Component\\Console\\Input\\ArgvInput->addLongOption()
#1 D:\\Kuliah\\Semester 5\\Magang\\Punya Alpian\\bkd-mutasi2\\vendor\\symfony\\console\\Input\\ArgvInput.php(82): Symfony\\Component\\Console\\Input\\ArgvInput->parseLongOption()
#2 D:\\Kuliah\\Semester 5\\Magang\\Punya Alpian\\bkd-mutasi2\\vendor\\symfony\\console\\Input\\ArgvInput.php(71): Symfony\\Component\\Console\\Input\\ArgvInput->parseToken()
#3 D:\\Kuliah\\Semester 5\\Magang\\Punya Alpian\\bkd-mutasi2\\vendor\\symfony\\console\\Input\\Input.php(53): Symfony\\Component\\Console\\Input\\ArgvInput->parse()
#4 D:\\Kuliah\\Semester 5\\Magang\\Punya Alpian\\bkd-mutasi2\\vendor\\symfony\\console\\Command\\Command.php(238): Symfony\\Component\\Console\\Input\\Input->bind()
#5 D:\\Kuliah\\Semester 5\\Magang\\Punya Alpian\\bkd-mutasi2\\vendor\\laravel\\framework\\src\\Illuminate\\Console\\Command.php(182): Symfony\\Component\\Console\\Command\\Command->run()
#6 D:\\Kuliah\\Semester 5\\Magang\\Punya Alpian\\bkd-mutasi2\\vendor\\symfony\\console\\Application.php(1047): Illuminate\\Console\\Command->run()
#7 D:\\Kuliah\\Semester 5\\Magang\\Punya Alpian\\bkd-mutasi2\\vendor\\symfony\\console\\Application.php(316): Symfony\\Component\\Console\\Application->doRunCommand()
#8 D:\\Kuliah\\Semester 5\\Magang\\Punya Alpian\\bkd-mutasi2\\vendor\\symfony\\console\\Application.php(167): Symfony\\Component\\Console\\Application->doRun()
#9 D:\\Kuliah\\Semester 5\\Magang\\Punya Alpian\\bkd-mutasi2\\vendor\\laravel\\framework\\src\\Illuminate\\Foundation\\Console\\Kernel.php(197): Symfony\\Component\\Console\\Application->run()
#10 D:\\Kuliah\\Semester 5\\Magang\\Punya Alpian\\bkd-mutasi2\\vendor\\laravel\\framework\\src\\Illuminate\\Foundation\\Application.php(1203): Illuminate\\Foundation\\Console\\Kernel->handle()
#11 D:\\Kuliah\\Semester 5\\Magang\\Punya Alpian\\bkd-mutasi2\\artisan(13): Illuminate\\Foundation\\Application->handleCommand()
#12 {main}
"} 
[2024-09-12 12:44:33] local.ERROR: The "--columns" option does not exist. {"exception":"[object] (Symfony\\Component\\Console\\Exception\\RuntimeException(code: 0): The \"--columns\" option does not exist. at D:\\Kuliah\\Semester 5\\Magang\\Punya Alpian\\bkd-mutasi2\\vendor\\symfony\\console\\Input\\ArgvInput.php:220)
[stacktrace]
#0 D:\\Kuliah\\Semester 5\\Magang\\Punya Alpian\\bkd-mutasi2\\vendor\\symfony\\console\\Input\\ArgvInput.php(147): Symfony\\Component\\Console\\Input\\ArgvInput->addLongOption()
#1 D:\\Kuliah\\Semester 5\\Magang\\Punya Alpian\\bkd-mutasi2\\vendor\\symfony\\console\\Input\\ArgvInput.php(82): Symfony\\Component\\Console\\Input\\ArgvInput->parseLongOption()
#2 D:\\Kuliah\\Semester 5\\Magang\\Punya Alpian\\bkd-mutasi2\\vendor\\symfony\\console\\Input\\ArgvInput.php(71): Symfony\\Component\\Console\\Input\\ArgvInput->parseToken()
#3 D:\\Kuliah\\Semester 5\\Magang\\Punya Alpian\\bkd-mutasi2\\vendor\\symfony\\console\\Input\\Input.php(53): Symfony\\Component\\Console\\Input\\ArgvInput->parse()
#4 D:\\Kuliah\\Semester 5\\Magang\\Punya Alpian\\bkd-mutasi2\\vendor\\symfony\\console\\Command\\Command.php(238): Symfony\\Component\\Console\\Input\\Input->bind()
#5 D:\\Kuliah\\Semester 5\\Magang\\Punya Alpian\\bkd-mutasi2\\vendor\\laravel\\framework\\src\\Illuminate\\Console\\Command.php(182): Symfony\\Component\\Console\\Command\\Command->run()
#6 D:\\Kuliah\\Semester 5\\Magang\\Punya Alpian\\bkd-mutasi2\\vendor\\symfony\\console\\Application.php(1047): Illuminate\\Console\\Command->run()
#7 D:\\Kuliah\\Semester 5\\Magang\\Punya Alpian\\bkd-mutasi2\\vendor\\symfony\\console\\Application.php(316): Symfony\\Component\\Console\\Application->doRunCommand()
#8 D:\\Kuliah\\Semester 5\\Magang\\Punya Alpian\\bkd-mutasi2\\vendor\\symfony\\console\\Application.php(167): Symfony\\Component\\Console\\Application->doRun()
#9 D:\\Kuliah\\Semester 5\\Magang\\Punya Alpian\\bkd-mutasi2\\vendor\\laravel\\framework\\src\\Illuminate\\Foundation\\Console\\Kernel.php(197): Symfony\\Component\\Console\\Application->run()
#10 D:\\Kuliah\\Semester 5\\Magang\\Punya Alpian\\bkd-mutasi2\\vendor\\laravel\\framework\\src\\Illuminate\\Foundation\\Application.php(1203): Illuminate\\Foundation\\Console\\Kernel->handle()
#11 D:\\Kuliah\\Semester 5\\Magang\\Punya Alpian\\bkd-mutasi2\\artisan(13): Illuminate\\Foundation\\Application->handleCommand()
#12 {main}
"} 
[2024-09-12 12:44:38] local.ERROR: The "--columns" option does not exist. {"exception":"[object] (Symfony\\Component\\Console\\Exception\\RuntimeException(code: 0): The \"--columns\" option does not exist. at D:\\Kuliah\\Semester 5\\Magang\\Punya Alpian\\bkd-mutasi2\\vendor\\symfony\\console\\Input\\ArgvInput.php:220)
[stacktrace]
#0 D:\\Kuliah\\Semester 5\\Magang\\Punya Alpian\\bkd-mutasi2\\vendor\\symfony\\console\\Input\\ArgvInput.php(147): Symfony\\Component\\Console\\Input\\ArgvInput->addLongOption()
#1 D:\\Kuliah\\Semester 5\\Magang\\Punya Alpian\\bkd-mutasi2\\vendor\\symfony\\console\\Input\\ArgvInput.php(82): Symfony\\Component\\Console\\Input\\ArgvInput->parseLongOption()
#2 D:\\Kuliah\\Semester 5\\Magang\\Punya Alpian\\bkd-mutasi2\\vendor\\symfony\\console\\Input\\ArgvInput.php(71): Symfony\\Component\\Console\\Input\\ArgvInput->parseToken()
#3 D:\\Kuliah\\Semester 5\\Magang\\Punya Alpian\\bkd-mutasi2\\vendor\\symfony\\console\\Input\\Input.php(53): Symfony\\Component\\Console\\Input\\ArgvInput->parse()
#4 D:\\Kuliah\\Semester 5\\Magang\\Punya Alpian\\bkd-mutasi2\\vendor\\symfony\\console\\Command\\Command.php(238): Symfony\\Component\\Console\\Input\\Input->bind()
#5 D:\\Kuliah\\Semester 5\\Magang\\Punya Alpian\\bkd-mutasi2\\vendor\\laravel\\framework\\src\\Illuminate\\Console\\Command.php(182): Symfony\\Component\\Console\\Command\\Command->run()
#6 D:\\Kuliah\\Semester 5\\Magang\\Punya Alpian\\bkd-mutasi2\\vendor\\symfony\\console\\Application.php(1047): Illuminate\\Console\\Command->run()
#7 D:\\Kuliah\\Semester 5\\Magang\\Punya Alpian\\bkd-mutasi2\\vendor\\symfony\\console\\Application.php(316): Symfony\\Component\\Console\\Application->doRunCommand()
#8 D:\\Kuliah\\Semester 5\\Magang\\Punya Alpian\\bkd-mutasi2\\vendor\\symfony\\console\\Application.php(167): Symfony\\Component\\Console\\Application->doRun()
#9 D:\\Kuliah\\Semester 5\\Magang\\Punya Alpian\\bkd-mutasi2\\vendor\\laravel\\framework\\src\\Illuminate\\Foundation\\Console\\Kernel.php(197): Symfony\\Component\\Console\\Application->run()
#10 D:\\Kuliah\\Semester 5\\Magang\\Punya Alpian\\bkd-mutasi2\\vendor\\laravel\\framework\\src\\Illuminate\\Foundation\\Application.php(1203): Illuminate\\Foundation\\Console\\Kernel->handle()
#11 D:\\Kuliah\\Semester 5\\Magang\\Punya Alpian\\bkd-mutasi2\\artisan(13): Illuminate\\Foundation\\Application->handleCommand()
#12 {main}
"} 
[2024-09-12 12:59:45] local.ERROR: The "--columns" option does not exist. {"exception":"[object] (Symfony\\Component\\Console\\Exception\\RuntimeException(code: 0): The \"--columns\" option does not exist. at D:\\Kuliah\\Semester 5\\Magang\\Punya Alpian\\bkd-mutasi2\\vendor\\symfony\\console\\Input\\ArgvInput.php:220)
[stacktrace]
#0 D:\\Kuliah\\Semester 5\\Magang\\Punya Alpian\\bkd-mutasi2\\vendor\\symfony\\console\\Input\\ArgvInput.php(147): Symfony\\Component\\Console\\Input\\ArgvInput->addLongOption()
#1 D:\\Kuliah\\Semester 5\\Magang\\Punya Alpian\\bkd-mutasi2\\vendor\\symfony\\console\\Input\\ArgvInput.php(82): Symfony\\Component\\Console\\Input\\ArgvInput->parseLongOption()
#2 D:\\Kuliah\\Semester 5\\Magang\\Punya Alpian\\bkd-mutasi2\\vendor\\symfony\\console\\Input\\ArgvInput.php(71): Symfony\\Component\\Console\\Input\\ArgvInput->parseToken()
#3 D:\\Kuliah\\Semester 5\\Magang\\Punya Alpian\\bkd-mutasi2\\vendor\\symfony\\console\\Input\\Input.php(53): Symfony\\Component\\Console\\Input\\ArgvInput->parse()
#4 D:\\Kuliah\\Semester 5\\Magang\\Punya Alpian\\bkd-mutasi2\\vendor\\symfony\\console\\Command\\Command.php(238): Symfony\\Component\\Console\\Input\\Input->bind()
#5 D:\\Kuliah\\Semester 5\\Magang\\Punya Alpian\\bkd-mutasi2\\vendor\\laravel\\framework\\src\\Illuminate\\Console\\Command.php(182): Symfony\\Component\\Console\\Command\\Command->run()
#6 D:\\Kuliah\\Semester 5\\Magang\\Punya Alpian\\bkd-mutasi2\\vendor\\symfony\\console\\Application.php(1047): Illuminate\\Console\\Command->run()
#7 D:\\Kuliah\\Semester 5\\Magang\\Punya Alpian\\bkd-mutasi2\\vendor\\symfony\\console\\Application.php(316): Symfony\\Component\\Console\\Application->doRunCommand()
#8 D:\\Kuliah\\Semester 5\\Magang\\Punya Alpian\\bkd-mutasi2\\vendor\\symfony\\console\\Application.php(167): Symfony\\Component\\Console\\Application->doRun()
#9 D:\\Kuliah\\Semester 5\\Magang\\Punya Alpian\\bkd-mutasi2\\vendor\\laravel\\framework\\src\\Illuminate\\Foundation\\Console\\Kernel.php(197): Symfony\\Component\\Console\\Application->run()
#10 D:\\Kuliah\\Semester 5\\Magang\\Punya Alpian\\bkd-mutasi2\\vendor\\laravel\\framework\\src\\Illuminate\\Foundation\\Application.php(1203): Illuminate\\Foundation\\Console\\Kernel->handle()
#11 D:\\Kuliah\\Semester 5\\Magang\\Punya Alpian\\bkd-mutasi2\\artisan(13): Illuminate\\Foundation\\Application->handleCommand()
#12 {main}
"} 
[2024-09-12 13:00:02] local.ERROR: The "--columns" option does not exist. {"exception":"[object] (Symfony\\Component\\Console\\Exception\\RuntimeException(code: 0): The \"--columns\" option does not exist. at D:\\Kuliah\\Semester 5\\Magang\\Punya Alpian\\bkd-mutasi2\\vendor\\symfony\\console\\Input\\ArgvInput.php:220)
[stacktrace]
#0 D:\\Kuliah\\Semester 5\\Magang\\Punya Alpian\\bkd-mutasi2\\vendor\\symfony\\console\\Input\\ArgvInput.php(147): Symfony\\Component\\Console\\Input\\ArgvInput->addLongOption()
#1 D:\\Kuliah\\Semester 5\\Magang\\Punya Alpian\\bkd-mutasi2\\vendor\\symfony\\console\\Input\\ArgvInput.php(82): Symfony\\Component\\Console\\Input\\ArgvInput->parseLongOption()
#2 D:\\Kuliah\\Semester 5\\Magang\\Punya Alpian\\bkd-mutasi2\\vendor\\symfony\\console\\Input\\ArgvInput.php(71): Symfony\\Component\\Console\\Input\\ArgvInput->parseToken()
#3 D:\\Kuliah\\Semester 5\\Magang\\Punya Alpian\\bkd-mutasi2\\vendor\\symfony\\console\\Input\\Input.php(53): Symfony\\Component\\Console\\Input\\ArgvInput->parse()
#4 D:\\Kuliah\\Semester 5\\Magang\\Punya Alpian\\bkd-mutasi2\\vendor\\symfony\\console\\Command\\Command.php(238): Symfony\\Component\\Console\\Input\\Input->bind()
#5 D:\\Kuliah\\Semester 5\\Magang\\Punya Alpian\\bkd-mutasi2\\vendor\\laravel\\framework\\src\\Illuminate\\Console\\Command.php(182): Symfony\\Component\\Console\\Command\\Command->run()
#6 D:\\Kuliah\\Semester 5\\Magang\\Punya Alpian\\bkd-mutasi2\\vendor\\symfony\\console\\Application.php(1047): Illuminate\\Console\\Command->run()
#7 D:\\Kuliah\\Semester 5\\Magang\\Punya Alpian\\bkd-mutasi2\\vendor\\symfony\\console\\Application.php(316): Symfony\\Component\\Console\\Application->doRunCommand()
#8 D:\\Kuliah\\Semester 5\\Magang\\Punya Alpian\\bkd-mutasi2\\vendor\\symfony\\console\\Application.php(167): Symfony\\Component\\Console\\Application->doRun()
#9 D:\\Kuliah\\Semester 5\\Magang\\Punya Alpian\\bkd-mutasi2\\vendor\\laravel\\framework\\src\\Illuminate\\Foundation\\Console\\Kernel.php(197): Symfony\\Component\\Console\\Application->run()
#10 D:\\Kuliah\\Semester 5\\Magang\\Punya Alpian\\bkd-mutasi2\\vendor\\laravel\\framework\\src\\Illuminate\\Foundation\\Application.php(1203): Illuminate\\Foundation\\Console\\Kernel->handle()
#11 D:\\Kuliah\\Semester 5\\Magang\\Punya Alpian\\bkd-mutasi2\\artisan(13): Illuminate\\Foundation\\Application->handleCommand()
#12 {main}
"} 
[2024-09-12 13:00:11] local.ERROR: The "--columns" option does not exist. {"exception":"[object] (Symfony\\Component\\Console\\Exception\\RuntimeException(code: 0): The \"--columns\" option does not exist. at D:\\Kuliah\\Semester 5\\Magang\\Punya Alpian\\bkd-mutasi2\\vendor\\symfony\\console\\Input\\ArgvInput.php:220)
[stacktrace]
#0 D:\\Kuliah\\Semester 5\\Magang\\Punya Alpian\\bkd-mutasi2\\vendor\\symfony\\console\\Input\\ArgvInput.php(147): Symfony\\Component\\Console\\Input\\ArgvInput->addLongOption()
#1 D:\\Kuliah\\Semester 5\\Magang\\Punya Alpian\\bkd-mutasi2\\vendor\\symfony\\console\\Input\\ArgvInput.php(82): Symfony\\Component\\Console\\Input\\ArgvInput->parseLongOption()
#2 D:\\Kuliah\\Semester 5\\Magang\\Punya Alpian\\bkd-mutasi2\\vendor\\symfony\\console\\Input\\ArgvInput.php(71): Symfony\\Component\\Console\\Input\\ArgvInput->parseToken()
#3 D:\\Kuliah\\Semester 5\\Magang\\Punya Alpian\\bkd-mutasi2\\vendor\\symfony\\console\\Input\\Input.php(53): Symfony\\Component\\Console\\Input\\ArgvInput->parse()
#4 D:\\Kuliah\\Semester 5\\Magang\\Punya Alpian\\bkd-mutasi2\\vendor\\symfony\\console\\Command\\Command.php(238): Symfony\\Component\\Console\\Input\\Input->bind()
#5 D:\\Kuliah\\Semester 5\\Magang\\Punya Alpian\\bkd-mutasi2\\vendor\\laravel\\framework\\src\\Illuminate\\Console\\Command.php(182): Symfony\\Component\\Console\\Command\\Command->run()
#6 D:\\Kuliah\\Semester 5\\Magang\\Punya Alpian\\bkd-mutasi2\\vendor\\symfony\\console\\Application.php(1047): Illuminate\\Console\\Command->run()
#7 D:\\Kuliah\\Semester 5\\Magang\\Punya Alpian\\bkd-mutasi2\\vendor\\symfony\\console\\Application.php(316): Symfony\\Component\\Console\\Application->doRunCommand()
#8 D:\\Kuliah\\Semester 5\\Magang\\Punya Alpian\\bkd-mutasi2\\vendor\\symfony\\console\\Application.php(167): Symfony\\Component\\Console\\Application->doRun()
#9 D:\\Kuliah\\Semester 5\\Magang\\Punya Alpian\\bkd-mutasi2\\vendor\\laravel\\framework\\src\\Illuminate\\Foundation\\Console\\Kernel.php(197): Symfony\\Component\\Console\\Application->run()
#10 D:\\Kuliah\\Semester 5\\Magang\\Punya Alpian\\bkd-mutasi2\\vendor\\laravel\\framework\\src\\Illuminate\\Foundation\\Application.php(1203): Illuminate\\Foundation\\Console\\Kernel->handle()
#11 D:\\Kuliah\\Semester 5\\Magang\\Punya Alpian\\bkd-mutasi2\\artisan(13): Illuminate\\Foundation\\Application->handleCommand()
#12 {main}
"} 
[2024-09-13 01:51:06] local.ERROR: The "--columns" option does not exist. {"exception":"[object] (Symfony\\Component\\Console\\Exception\\RuntimeException(code: 0): The \"--columns\" option does not exist. at D:\\Kuliah\\Semester 5\\Magang\\Punya Alpian\\bkd-mutasi2\\vendor\\symfony\\console\\Input\\ArgvInput.php:220)
[stacktrace]
#0 D:\\Kuliah\\Semester 5\\Magang\\Punya Alpian\\bkd-mutasi2\\vendor\\symfony\\console\\Input\\ArgvInput.php(147): Symfony\\Component\\Console\\Input\\ArgvInput->addLongOption()
#1 D:\\Kuliah\\Semester 5\\Magang\\Punya Alpian\\bkd-mutasi2\\vendor\\symfony\\console\\Input\\ArgvInput.php(82): Symfony\\Component\\Console\\Input\\ArgvInput->parseLongOption()
#2 D:\\Kuliah\\Semester 5\\Magang\\Punya Alpian\\bkd-mutasi2\\vendor\\symfony\\console\\Input\\ArgvInput.php(71): Symfony\\Component\\Console\\Input\\ArgvInput->parseToken()
#3 D:\\Kuliah\\Semester 5\\Magang\\Punya Alpian\\bkd-mutasi2\\vendor\\symfony\\console\\Input\\Input.php(53): Symfony\\Component\\Console\\Input\\ArgvInput->parse()
#4 D:\\Kuliah\\Semester 5\\Magang\\Punya Alpian\\bkd-mutasi2\\vendor\\symfony\\console\\Command\\Command.php(238): Symfony\\Component\\Console\\Input\\Input->bind()
#5 D:\\Kuliah\\Semester 5\\Magang\\Punya Alpian\\bkd-mutasi2\\vendor\\laravel\\framework\\src\\Illuminate\\Console\\Command.php(182): Symfony\\Component\\Console\\Command\\Command->run()
#6 D:\\Kuliah\\Semester 5\\Magang\\Punya Alpian\\bkd-mutasi2\\vendor\\symfony\\console\\Application.php(1047): Illuminate\\Console\\Command->run()
#7 D:\\Kuliah\\Semester 5\\Magang\\Punya Alpian\\bkd-mutasi2\\vendor\\symfony\\console\\Application.php(316): Symfony\\Component\\Console\\Application->doRunCommand()
#8 D:\\Kuliah\\Semester 5\\Magang\\Punya Alpian\\bkd-mutasi2\\vendor\\symfony\\console\\Application.php(167): Symfony\\Component\\Console\\Application->doRun()
#9 D:\\Kuliah\\Semester 5\\Magang\\Punya Alpian\\bkd-mutasi2\\vendor\\laravel\\framework\\src\\Illuminate\\Foundation\\Console\\Kernel.php(197): Symfony\\Component\\Console\\Application->run()
#10 D:\\Kuliah\\Semester 5\\Magang\\Punya Alpian\\bkd-mutasi2\\vendor\\laravel\\framework\\src\\Illuminate\\Foundation\\Application.php(1203): Illuminate\\Foundation\\Console\\Kernel->handle()
#11 D:\\Kuliah\\Semester 5\\Magang\\Punya Alpian\\bkd-mutasi2\\artisan(13): Illuminate\\Foundation\\Application->handleCommand()
#12 {main}
"} 
[2024-09-13 01:51:10] local.ERROR: The "--columns" option does not exist. {"exception":"[object] (Symfony\\Component\\Console\\Exception\\RuntimeException(code: 0): The \"--columns\" option does not exist. at D:\\Kuliah\\Semester 5\\Magang\\Punya Alpian\\bkd-mutasi2\\vendor\\symfony\\console\\Input\\ArgvInput.php:220)
[stacktrace]
#0 D:\\Kuliah\\Semester 5\\Magang\\Punya Alpian\\bkd-mutasi2\\vendor\\symfony\\console\\Input\\ArgvInput.php(147): Symfony\\Component\\Console\\Input\\ArgvInput->addLongOption()
#1 D:\\Kuliah\\Semester 5\\Magang\\Punya Alpian\\bkd-mutasi2\\vendor\\symfony\\console\\Input\\ArgvInput.php(82): Symfony\\Component\\Console\\Input\\ArgvInput->parseLongOption()
#2 D:\\Kuliah\\Semester 5\\Magang\\Punya Alpian\\bkd-mutasi2\\vendor\\symfony\\console\\Input\\ArgvInput.php(71): Symfony\\Component\\Console\\Input\\ArgvInput->parseToken()
#3 D:\\Kuliah\\Semester 5\\Magang\\Punya Alpian\\bkd-mutasi2\\vendor\\symfony\\console\\Input\\Input.php(53): Symfony\\Component\\Console\\Input\\ArgvInput->parse()
#4 D:\\Kuliah\\Semester 5\\Magang\\Punya Alpian\\bkd-mutasi2\\vendor\\symfony\\console\\Command\\Command.php(238): Symfony\\Component\\Console\\Input\\Input->bind()
#5 D:\\Kuliah\\Semester 5\\Magang\\Punya Alpian\\bkd-mutasi2\\vendor\\laravel\\framework\\src\\Illuminate\\Console\\Command.php(182): Symfony\\Component\\Console\\Command\\Command->run()
#6 D:\\Kuliah\\Semester 5\\Magang\\Punya Alpian\\bkd-mutasi2\\vendor\\symfony\\console\\Application.php(1047): Illuminate\\Console\\Command->run()
#7 D:\\Kuliah\\Semester 5\\Magang\\Punya Alpian\\bkd-mutasi2\\vendor\\symfony\\console\\Application.php(316): Symfony\\Component\\Console\\Application->doRunCommand()
#8 D:\\Kuliah\\Semester 5\\Magang\\Punya Alpian\\bkd-mutasi2\\vendor\\symfony\\console\\Application.php(167): Symfony\\Component\\Console\\Application->doRun()
#9 D:\\Kuliah\\Semester 5\\Magang\\Punya Alpian\\bkd-mutasi2\\vendor\\laravel\\framework\\src\\Illuminate\\Foundation\\Console\\Kernel.php(197): Symfony\\Component\\Console\\Application->run()
#10 D:\\Kuliah\\Semester 5\\Magang\\Punya Alpian\\bkd-mutasi2\\vendor\\laravel\\framework\\src\\Illuminate\\Foundation\\Application.php(1203): Illuminate\\Foundation\\Console\\Kernel->handle()
#11 D:\\Kuliah\\Semester 5\\Magang\\Punya Alpian\\bkd-mutasi2\\artisan(13): Illuminate\\Foundation\\Application->handleCommand()
#12 {main}
"} 
[2024-09-13 01:51:14] local.ERROR: The "--columns" option does not exist. {"exception":"[object] (Symfony\\Component\\Console\\Exception\\RuntimeException(code: 0): The \"--columns\" option does not exist. at D:\\Kuliah\\Semester 5\\Magang\\Punya Alpian\\bkd-mutasi2\\vendor\\symfony\\console\\Input\\ArgvInput.php:220)
[stacktrace]
#0 D:\\Kuliah\\Semester 5\\Magang\\Punya Alpian\\bkd-mutasi2\\vendor\\symfony\\console\\Input\\ArgvInput.php(147): Symfony\\Component\\Console\\Input\\ArgvInput->addLongOption()
#1 D:\\Kuliah\\Semester 5\\Magang\\Punya Alpian\\bkd-mutasi2\\vendor\\symfony\\console\\Input\\ArgvInput.php(82): Symfony\\Component\\Console\\Input\\ArgvInput->parseLongOption()
#2 D:\\Kuliah\\Semester 5\\Magang\\Punya Alpian\\bkd-mutasi2\\vendor\\symfony\\console\\Input\\ArgvInput.php(71): Symfony\\Component\\Console\\Input\\ArgvInput->parseToken()
#3 D:\\Kuliah\\Semester 5\\Magang\\Punya Alpian\\bkd-mutasi2\\vendor\\symfony\\console\\Input\\Input.php(53): Symfony\\Component\\Console\\Input\\ArgvInput->parse()
#4 D:\\Kuliah\\Semester 5\\Magang\\Punya Alpian\\bkd-mutasi2\\vendor\\symfony\\console\\Command\\Command.php(238): Symfony\\Component\\Console\\Input\\Input->bind()
#5 D:\\Kuliah\\Semester 5\\Magang\\Punya Alpian\\bkd-mutasi2\\vendor\\laravel\\framework\\src\\Illuminate\\Console\\Command.php(182): Symfony\\Component\\Console\\Command\\Command->run()
#6 D:\\Kuliah\\Semester 5\\Magang\\Punya Alpian\\bkd-mutasi2\\vendor\\symfony\\console\\Application.php(1047): Illuminate\\Console\\Command->run()
#7 D:\\Kuliah\\Semester 5\\Magang\\Punya Alpian\\bkd-mutasi2\\vendor\\symfony\\console\\Application.php(316): Symfony\\Component\\Console\\Application->doRunCommand()
#8 D:\\Kuliah\\Semester 5\\Magang\\Punya Alpian\\bkd-mutasi2\\vendor\\symfony\\console\\Application.php(167): Symfony\\Component\\Console\\Application->doRun()
#9 D:\\Kuliah\\Semester 5\\Magang\\Punya Alpian\\bkd-mutasi2\\vendor\\laravel\\framework\\src\\Illuminate\\Foundation\\Console\\Kernel.php(197): Symfony\\Component\\Console\\Application->run()
#10 D:\\Kuliah\\Semester 5\\Magang\\Punya Alpian\\bkd-mutasi2\\vendor\\laravel\\framework\\src\\Illuminate\\Foundation\\Application.php(1203): Illuminate\\Foundation\\Console\\Kernel->handle()
#11 D:\\Kuliah\\Semester 5\\Magang\\Punya Alpian\\bkd-mutasi2\\artisan(13): Illuminate\\Foundation\\Application->handleCommand()
#12 {main}
"} 
[2024-09-13 09:06:21] local.ERROR: The "--columns" option does not exist. {"exception":"[object] (Symfony\\Component\\Console\\Exception\\RuntimeException(code: 0): The \"--columns\" option does not exist. at D:\\Kuliah\\Semester 5\\Magang\\Punya Alpian\\bkd-mutasi2\\vendor\\symfony\\console\\Input\\ArgvInput.php:220)
[stacktrace]
#0 D:\\Kuliah\\Semester 5\\Magang\\Punya Alpian\\bkd-mutasi2\\vendor\\symfony\\console\\Input\\ArgvInput.php(147): Symfony\\Component\\Console\\Input\\ArgvInput->addLongOption()
#1 D:\\Kuliah\\Semester 5\\Magang\\Punya Alpian\\bkd-mutasi2\\vendor\\symfony\\console\\Input\\ArgvInput.php(82): Symfony\\Component\\Console\\Input\\ArgvInput->parseLongOption()
#2 D:\\Kuliah\\Semester 5\\Magang\\Punya Alpian\\bkd-mutasi2\\vendor\\symfony\\console\\Input\\ArgvInput.php(71): Symfony\\Component\\Console\\Input\\ArgvInput->parseToken()
#3 D:\\Kuliah\\Semester 5\\Magang\\Punya Alpian\\bkd-mutasi2\\vendor\\symfony\\console\\Input\\Input.php(53): Symfony\\Component\\Console\\Input\\ArgvInput->parse()
#4 D:\\Kuliah\\Semester 5\\Magang\\Punya Alpian\\bkd-mutasi2\\vendor\\symfony\\console\\Command\\Command.php(238): Symfony\\Component\\Console\\Input\\Input->bind()
#5 D:\\Kuliah\\Semester 5\\Magang\\Punya Alpian\\bkd-mutasi2\\vendor\\laravel\\framework\\src\\Illuminate\\Console\\Command.php(182): Symfony\\Component\\Console\\Command\\Command->run()
#6 D:\\Kuliah\\Semester 5\\Magang\\Punya Alpian\\bkd-mutasi2\\vendor\\symfony\\console\\Application.php(1047): Illuminate\\Console\\Command->run()
#7 D:\\Kuliah\\Semester 5\\Magang\\Punya Alpian\\bkd-mutasi2\\vendor\\symfony\\console\\Application.php(316): Symfony\\Component\\Console\\Application->doRunCommand()
#8 D:\\Kuliah\\Semester 5\\Magang\\Punya Alpian\\bkd-mutasi2\\vendor\\symfony\\console\\Application.php(167): Symfony\\Component\\Console\\Application->doRun()
#9 D:\\Kuliah\\Semester 5\\Magang\\Punya Alpian\\bkd-mutasi2\\vendor\\laravel\\framework\\src\\Illuminate\\Foundation\\Console\\Kernel.php(197): Symfony\\Component\\Console\\Application->run()
#10 D:\\Kuliah\\Semester 5\\Magang\\Punya Alpian\\bkd-mutasi2\\vendor\\laravel\\framework\\src\\Illuminate\\Foundation\\Application.php(1203): Illuminate\\Foundation\\Console\\Kernel->handle()
#11 D:\\Kuliah\\Semester 5\\Magang\\Punya Alpian\\bkd-mutasi2\\artisan(13): Illuminate\\Foundation\\Application->handleCommand()
#12 {main}
"} 
[2024-09-13 09:06:35] local.ERROR: The "--columns" option does not exist. {"exception":"[object] (Symfony\\Component\\Console\\Exception\\RuntimeException(code: 0): The \"--columns\" option does not exist. at D:\\Kuliah\\Semester 5\\Magang\\Punya Alpian\\bkd-mutasi2\\vendor\\symfony\\console\\Input\\ArgvInput.php:220)
[stacktrace]
#0 D:\\Kuliah\\Semester 5\\Magang\\Punya Alpian\\bkd-mutasi2\\vendor\\symfony\\console\\Input\\ArgvInput.php(147): Symfony\\Component\\Console\\Input\\ArgvInput->addLongOption()
#1 D:\\Kuliah\\Semester 5\\Magang\\Punya Alpian\\bkd-mutasi2\\vendor\\symfony\\console\\Input\\ArgvInput.php(82): Symfony\\Component\\Console\\Input\\ArgvInput->parseLongOption()
#2 D:\\Kuliah\\Semester 5\\Magang\\Punya Alpian\\bkd-mutasi2\\vendor\\symfony\\console\\Input\\ArgvInput.php(71): Symfony\\Component\\Console\\Input\\ArgvInput->parseToken()
#3 D:\\Kuliah\\Semester 5\\Magang\\Punya Alpian\\bkd-mutasi2\\vendor\\symfony\\console\\Input\\Input.php(53): Symfony\\Component\\Console\\Input\\ArgvInput->parse()
#4 D:\\Kuliah\\Semester 5\\Magang\\Punya Alpian\\bkd-mutasi2\\vendor\\symfony\\console\\Command\\Command.php(238): Symfony\\Component\\Console\\Input\\Input->bind()
#5 D:\\Kuliah\\Semester 5\\Magang\\Punya Alpian\\bkd-mutasi2\\vendor\\laravel\\framework\\src\\Illuminate\\Console\\Command.php(182): Symfony\\Component\\Console\\Command\\Command->run()
#6 D:\\Kuliah\\Semester 5\\Magang\\Punya Alpian\\bkd-mutasi2\\vendor\\symfony\\console\\Application.php(1047): Illuminate\\Console\\Command->run()
#7 D:\\Kuliah\\Semester 5\\Magang\\Punya Alpian\\bkd-mutasi2\\vendor\\symfony\\console\\Application.php(316): Symfony\\Component\\Console\\Application->doRunCommand()
#8 D:\\Kuliah\\Semester 5\\Magang\\Punya Alpian\\bkd-mutasi2\\vendor\\symfony\\console\\Application.php(167): Symfony\\Component\\Console\\Application->doRun()
#9 D:\\Kuliah\\Semester 5\\Magang\\Punya Alpian\\bkd-mutasi2\\vendor\\laravel\\framework\\src\\Illuminate\\Foundation\\Console\\Kernel.php(197): Symfony\\Component\\Console\\Application->run()
#10 D:\\Kuliah\\Semester 5\\Magang\\Punya Alpian\\bkd-mutasi2\\vendor\\laravel\\framework\\src\\Illuminate\\Foundation\\Application.php(1203): Illuminate\\Foundation\\Console\\Kernel->handle()
#11 D:\\Kuliah\\Semester 5\\Magang\\Punya Alpian\\bkd-mutasi2\\artisan(13): Illuminate\\Foundation\\Application->handleCommand()
#12 {main}
"} 
[2024-09-13 09:06:40] local.ERROR: The "--columns" option does not exist. {"exception":"[object] (Symfony\\Component\\Console\\Exception\\RuntimeException(code: 0): The \"--columns\" option does not exist. at D:\\Kuliah\\Semester 5\\Magang\\Punya Alpian\\bkd-mutasi2\\vendor\\symfony\\console\\Input\\ArgvInput.php:220)
[stacktrace]
#0 D:\\Kuliah\\Semester 5\\Magang\\Punya Alpian\\bkd-mutasi2\\vendor\\symfony\\console\\Input\\ArgvInput.php(147): Symfony\\Component\\Console\\Input\\ArgvInput->addLongOption()
#1 D:\\Kuliah\\Semester 5\\Magang\\Punya Alpian\\bkd-mutasi2\\vendor\\symfony\\console\\Input\\ArgvInput.php(82): Symfony\\Component\\Console\\Input\\ArgvInput->parseLongOption()
#2 D:\\Kuliah\\Semester 5\\Magang\\Punya Alpian\\bkd-mutasi2\\vendor\\symfony\\console\\Input\\ArgvInput.php(71): Symfony\\Component\\Console\\Input\\ArgvInput->parseToken()
#3 D:\\Kuliah\\Semester 5\\Magang\\Punya Alpian\\bkd-mutasi2\\vendor\\symfony\\console\\Input\\Input.php(53): Symfony\\Component\\Console\\Input\\ArgvInput->parse()
#4 D:\\Kuliah\\Semester 5\\Magang\\Punya Alpian\\bkd-mutasi2\\vendor\\symfony\\console\\Command\\Command.php(238): Symfony\\Component\\Console\\Input\\Input->bind()
#5 D:\\Kuliah\\Semester 5\\Magang\\Punya Alpian\\bkd-mutasi2\\vendor\\laravel\\framework\\src\\Illuminate\\Console\\Command.php(182): Symfony\\Component\\Console\\Command\\Command->run()
#6 D:\\Kuliah\\Semester 5\\Magang\\Punya Alpian\\bkd-mutasi2\\vendor\\symfony\\console\\Application.php(1047): Illuminate\\Console\\Command->run()
#7 D:\\Kuliah\\Semester 5\\Magang\\Punya Alpian\\bkd-mutasi2\\vendor\\symfony\\console\\Application.php(316): Symfony\\Component\\Console\\Application->doRunCommand()
#8 D:\\Kuliah\\Semester 5\\Magang\\Punya Alpian\\bkd-mutasi2\\vendor\\symfony\\console\\Application.php(167): Symfony\\Component\\Console\\Application->doRun()
#9 D:\\Kuliah\\Semester 5\\Magang\\Punya Alpian\\bkd-mutasi2\\vendor\\laravel\\framework\\src\\Illuminate\\Foundation\\Console\\Kernel.php(197): Symfony\\Component\\Console\\Application->run()
#10 D:\\Kuliah\\Semester 5\\Magang\\Punya Alpian\\bkd-mutasi2\\vendor\\laravel\\framework\\src\\Illuminate\\Foundation\\Application.php(1203): Illuminate\\Foundation\\Console\\Kernel->handle()
#11 D:\\Kuliah\\Semester 5\\Magang\\Punya Alpian\\bkd-mutasi2\\artisan(13): Illuminate\\Foundation\\Application->handleCommand()
#12 {main}
"} 
[2024-09-13 09:16:39] local.ERROR: The "--columns" option does not exist. {"exception":"[object] (Symfony\\Component\\Console\\Exception\\RuntimeException(code: 0): The \"--columns\" option does not exist. at D:\\Kuliah\\Semester 5\\Magang\\Punya Alpian\\bkd-mutasi2\\vendor\\symfony\\console\\Input\\ArgvInput.php:220)
[stacktrace]
#0 D:\\Kuliah\\Semester 5\\Magang\\Punya Alpian\\bkd-mutasi2\\vendor\\symfony\\console\\Input\\ArgvInput.php(147): Symfony\\Component\\Console\\Input\\ArgvInput->addLongOption()
#1 D:\\Kuliah\\Semester 5\\Magang\\Punya Alpian\\bkd-mutasi2\\vendor\\symfony\\console\\Input\\ArgvInput.php(82): Symfony\\Component\\Console\\Input\\ArgvInput->parseLongOption()
#2 D:\\Kuliah\\Semester 5\\Magang\\Punya Alpian\\bkd-mutasi2\\vendor\\symfony\\console\\Input\\ArgvInput.php(71): Symfony\\Component\\Console\\Input\\ArgvInput->parseToken()
#3 D:\\Kuliah\\Semester 5\\Magang\\Punya Alpian\\bkd-mutasi2\\vendor\\symfony\\console\\Input\\Input.php(53): Symfony\\Component\\Console\\Input\\ArgvInput->parse()
#4 D:\\Kuliah\\Semester 5\\Magang\\Punya Alpian\\bkd-mutasi2\\vendor\\symfony\\console\\Command\\Command.php(238): Symfony\\Component\\Console\\Input\\Input->bind()
#5 D:\\Kuliah\\Semester 5\\Magang\\Punya Alpian\\bkd-mutasi2\\vendor\\laravel\\framework\\src\\Illuminate\\Console\\Command.php(182): Symfony\\Component\\Console\\Command\\Command->run()
#6 D:\\Kuliah\\Semester 5\\Magang\\Punya Alpian\\bkd-mutasi2\\vendor\\symfony\\console\\Application.php(1047): Illuminate\\Console\\Command->run()
#7 D:\\Kuliah\\Semester 5\\Magang\\Punya Alpian\\bkd-mutasi2\\vendor\\symfony\\console\\Application.php(316): Symfony\\Component\\Console\\Application->doRunCommand()
#8 D:\\Kuliah\\Semester 5\\Magang\\Punya Alpian\\bkd-mutasi2\\vendor\\symfony\\console\\Application.php(167): Symfony\\Component\\Console\\Application->doRun()
#9 D:\\Kuliah\\Semester 5\\Magang\\Punya Alpian\\bkd-mutasi2\\vendor\\laravel\\framework\\src\\Illuminate\\Foundation\\Console\\Kernel.php(197): Symfony\\Component\\Console\\Application->run()
#10 D:\\Kuliah\\Semester 5\\Magang\\Punya Alpian\\bkd-mutasi2\\vendor\\laravel\\framework\\src\\Illuminate\\Foundation\\Application.php(1203): Illuminate\\Foundation\\Console\\Kernel->handle()
#11 D:\\Kuliah\\Semester 5\\Magang\\Punya Alpian\\bkd-mutasi2\\artisan(13): Illuminate\\Foundation\\Application->handleCommand()
#12 {main}
"} 
[2024-09-13 09:16:42] local.ERROR: The "--columns" option does not exist. {"exception":"[object] (Symfony\\Component\\Console\\Exception\\RuntimeException(code: 0): The \"--columns\" option does not exist. at D:\\Kuliah\\Semester 5\\Magang\\Punya Alpian\\bkd-mutasi2\\vendor\\symfony\\console\\Input\\ArgvInput.php:220)
[stacktrace]
#0 D:\\Kuliah\\Semester 5\\Magang\\Punya Alpian\\bkd-mutasi2\\vendor\\symfony\\console\\Input\\ArgvInput.php(147): Symfony\\Component\\Console\\Input\\ArgvInput->addLongOption()
#1 D:\\Kuliah\\Semester 5\\Magang\\Punya Alpian\\bkd-mutasi2\\vendor\\symfony\\console\\Input\\ArgvInput.php(82): Symfony\\Component\\Console\\Input\\ArgvInput->parseLongOption()
#2 D:\\Kuliah\\Semester 5\\Magang\\Punya Alpian\\bkd-mutasi2\\vendor\\symfony\\console\\Input\\ArgvInput.php(71): Symfony\\Component\\Console\\Input\\ArgvInput->parseToken()
#3 D:\\Kuliah\\Semester 5\\Magang\\Punya Alpian\\bkd-mutasi2\\vendor\\symfony\\console\\Input\\Input.php(53): Symfony\\Component\\Console\\Input\\ArgvInput->parse()
#4 D:\\Kuliah\\Semester 5\\Magang\\Punya Alpian\\bkd-mutasi2\\vendor\\symfony\\console\\Command\\Command.php(238): Symfony\\Component\\Console\\Input\\Input->bind()
#5 D:\\Kuliah\\Semester 5\\Magang\\Punya Alpian\\bkd-mutasi2\\vendor\\laravel\\framework\\src\\Illuminate\\Console\\Command.php(182): Symfony\\Component\\Console\\Command\\Command->run()
#6 D:\\Kuliah\\Semester 5\\Magang\\Punya Alpian\\bkd-mutasi2\\vendor\\symfony\\console\\Application.php(1047): Illuminate\\Console\\Command->run()
#7 D:\\Kuliah\\Semester 5\\Magang\\Punya Alpian\\bkd-mutasi2\\vendor\\symfony\\console\\Application.php(316): Symfony\\Component\\Console\\Application->doRunCommand()
#8 D:\\Kuliah\\Semester 5\\Magang\\Punya Alpian\\bkd-mutasi2\\vendor\\symfony\\console\\Application.php(167): Symfony\\Component\\Console\\Application->doRun()
#9 D:\\Kuliah\\Semester 5\\Magang\\Punya Alpian\\bkd-mutasi2\\vendor\\laravel\\framework\\src\\Illuminate\\Foundation\\Console\\Kernel.php(197): Symfony\\Component\\Console\\Application->run()
#10 D:\\Kuliah\\Semester 5\\Magang\\Punya Alpian\\bkd-mutasi2\\vendor\\laravel\\framework\\src\\Illuminate\\Foundation\\Application.php(1203): Illuminate\\Foundation\\Console\\Kernel->handle()
#11 D:\\Kuliah\\Semester 5\\Magang\\Punya Alpian\\bkd-mutasi2\\artisan(13): Illuminate\\Foundation\\Application->handleCommand()
#12 {main}
"} 
